<?xml version="1.0" encoding="UTF-8"?>
<testsuites name="Tests_Facebook" time="39" tests="5" failures="1" errors="0">
   <testsuite name="Tests_Facebook" tests="5" failures="1" errors="0" time="39" timestamp="2018-01-28 14:17:48" hostname="User - DESKTOP-VM72U7U" id="Test Suites/Tests_Facebook">
      <properties>
         <property name="deviceName" value=""/>
         <property name="devicePlatform" value=""/>
         <property name="logFolder" value="E:\\Katalon\\Facebook\\Reports\\Tests_Facebook\\20180128_141747"/>
         <property name="logFiles" value="E:\\Katalon\\Facebook\\Reports\\Tests_Facebook\\20180128_141747\\execution0.log"/>
         <property name="attachments" value="E:\\Katalon\\Facebook\\Reports\\Tests_Facebook\\20180128_141747\\1517123875541.png"/>
         <property name="hostName" value="User - DESKTOP-VM72U7U"/>
         <property name="os" value="Windows 10 64bit"/>
         <property name="katalonVersion" value="5.3.0.1"/>
         <property name="browser" value="Chrome 63.0.3239.132"/>
         <property name="hostAddress" value="192.168.88.52"/>
         <property name="sessionId" value="35d93d8373be9b918e1d6e1536d6c800"/>
         <property name="seleniumVersion" value="3.7.1"/>
         <property name="proxyInformation" value="ProxyInformation{proxyOption=NO_PROXY, proxyServerType=HTTP, password=, proxyServerAddress=, proxyServerPort=0}"/>
         <property name="platform" value="Windows 10"/>
      </properties>
      <testcase name="Test Cases/Login Successful Case" classname="Test Cases/Login Successful Case" status="FAILED">
         <failure type="FAILED" message="Unable to verify text 'Nymproriz Oze' is present  (Root cause: Text 'Nymproriz Oze' is not present on page )"/>
         <system-out><![CDATA[2018-01-28 14:17:48 - [TEST_CASE][FAILED] - Test Cases/Login Successful Case: Test Cases/Login Successful Case FAILED because (of) Unable to verify text 'Nymproriz Oze' is present  (Root cause: Text 'Nymproriz Oze' is not present on page )

2018-01-28 14:17:48 - [TEST_STEP][PASSED] - openBrowser: Browser is opened with url: ''

2018-01-28 14:17:51 - [MESSAGE][PASSED] - Browser is opened with url: ''

2018-01-28 14:17:51 - [TEST_STEP][PASSED] - navigateToUrl: Navigate to 'https://www.facebook.com/' successfully

2018-01-28 14:17:53 - [MESSAGE][PASSED] - Navigate to 'https://www.facebook.com/' successfully

2018-01-28 14:17:53 - [TEST_STEP][PASSED] - setText: Text 'slowwyCH@gmail.com' is set on object 'Object Repository/Page_Facebook -/input_email'

2018-01-28 14:17:53 - [MESSAGE][PASSED] - Text 'slowwyCH@gmail.com' is set on object 'Object Repository/Page_Facebook -/input_email'

2018-01-28 14:17:53 - [TEST_STEP][PASSED] - setText: Text 'xxxxxxx' is set on object 'Object Repository/Page_Facebook -/input_pass'

2018-01-28 14:17:53 - [MESSAGE][PASSED] - Text 'xxxxxxx' is set on object 'Object Repository/Page_Facebook -/input_pass'

2018-01-28 14:17:53 - [TEST_STEP][PASSED] - click: Object: 'Object Repository/Page_Facebook -/label_loginbutton' is clicked on

2018-01-28 14:17:55 - [MESSAGE][PASSED] - Object: 'Object Repository/Page_Facebook -/label_loginbutton' is clicked on

2018-01-28 14:17:55 - [TEST_STEP][FAILED] - verifyTextPresent: Unable to verify text 'Nymproriz Oze' is present  (Root cause: Text 'Nymproriz Oze' is not present on page )

2018-01-28 14:17:55 - [MESSAGE][FAILED] - Text 'Nymproriz Oze' is not present on page 

2018-01-28 14:17:55 - [MESSAGE][FAILED] - Unable to verify text 'Nymproriz Oze' is present  (Root cause: Text 'Nymproriz Oze' is not present on page )
[[ATTACHMENT|E:\\Katalon\\Facebook\\Reports\\Tests_Facebook\\20180128_141747\\1517123875541.png]]]]></system-out>
         <system-err><![CDATA[2018-01-28 14:17:48 - [TEST_CASE][FAILED] - Test Cases/Login Successful Case: Test Cases/Login Successful Case FAILED because (of) Unable to verify text 'Nymproriz Oze' is present  (Root cause: Text 'Nymproriz Oze' is not present on page )]]></system-err>
      </testcase>
      <testcase name="Test Cases/Login Invalid Email Case" classname="Test Cases/Login Invalid Email Case" status="PASSED">
         <system-out><![CDATA[2018-01-28 14:17:55 - [TEST_CASE][PASSED] - Test Cases/Login Invalid Email Case: Test Cases/Login Invalid Email Case

2018-01-28 14:17:55 - [TEST_STEP][PASSED] - openBrowser: Browser is opened with url: ''

2018-01-28 14:17:55 - [MESSAGE][WARNING] - A browser is already opened. Closing browser and opening a new one

2018-01-28 14:17:58 - [MESSAGE][PASSED] - Browser is opened with url: ''

2018-01-28 14:17:58 - [TEST_STEP][PASSED] - navigateToUrl: Navigate to 'https://www.facebook.com/' successfully

2018-01-28 14:18:00 - [MESSAGE][PASSED] - Navigate to 'https://www.facebook.com/' successfully

2018-01-28 14:18:00 - [TEST_STEP][PASSED] - setText: Text 'slowwyCH1@gmail.com' is set on object 'Object Repository/Page_Facebook -/Page_Facebook -/input_email'

2018-01-28 14:18:00 - [MESSAGE][PASSED] - Text 'slowwyCH1@gmail.com' is set on object 'Object Repository/Page_Facebook -/Page_Facebook -/input_email'

2018-01-28 14:18:00 - [TEST_STEP][PASSED] - setText: Text 'xxxxxxx' is set on object 'Object Repository/Page_Facebook -/Page_Facebook -/input_pass'

2018-01-28 14:18:00 - [MESSAGE][PASSED] - Text 'xxxxxxx' is set on object 'Object Repository/Page_Facebook -/Page_Facebook -/input_pass'

2018-01-28 14:18:00 - [TEST_STEP][PASSED] - click: Object: 'Object Repository/Page_Facebook -/Page_Facebook -/label_loginbutton' is clicked on

2018-01-28 14:18:01 - [MESSAGE][PASSED] - Object: 'Object Repository/Page_Facebook -/Page_Facebook -/label_loginbutton' is clicked on

2018-01-28 14:18:01 - [TEST_STEP][PASSED] - verifyTextPresent: Text 'อีเมลที่คุณป้อนไม่ตรงกับบัญชีผู้ใช้ใดๆ' is present on page 

2018-01-28 14:18:01 - [MESSAGE][PASSED] - Text 'อีเมลที่คุณป้อนไม่ตรงกับบัญชีผู้ใช้ใดๆ' is present on page 

2018-01-28 14:18:01 - [TEST_STEP][PASSED] - closeBrowser: Browser is closed

2018-01-28 14:18:02 - [MESSAGE][PASSED] - Browser is closed]]></system-out>
         <system-err><![CDATA[]]></system-err>
      </testcase>
      <testcase name="Test Cases/Login Invalid Password Case" classname="Test Cases/Login Invalid Password Case" status="PASSED">
         <system-out><![CDATA[2018-01-28 14:18:02 - [TEST_CASE][PASSED] - Test Cases/Login Invalid Password Case: Test Cases/Login Invalid Password Case

2018-01-28 14:18:02 - [TEST_STEP][PASSED] - openBrowser: Browser is opened with url: ''

2018-01-28 14:18:04 - [MESSAGE][PASSED] - Browser is opened with url: ''

2018-01-28 14:18:04 - [TEST_STEP][PASSED] - navigateToUrl: Navigate to 'https://www.facebook.com/' successfully

2018-01-28 14:18:07 - [MESSAGE][PASSED] - Navigate to 'https://www.facebook.com/' successfully

2018-01-28 14:18:07 - [TEST_STEP][PASSED] - setText: Text 'slowwyCH@gmail.com' is set on object 'Object Repository/Page_Facebook - (1)/input_email'

2018-01-28 14:18:07 - [MESSAGE][PASSED] - Text 'slowwyCH@gmail.com' is set on object 'Object Repository/Page_Facebook - (1)/input_email'

2018-01-28 14:18:07 - [TEST_STEP][PASSED] - setText: Text '099987751' is set on object 'Object Repository/Page_Facebook - (1)/input_pass'

2018-01-28 14:18:07 - [MESSAGE][PASSED] - Text '099987751' is set on object 'Object Repository/Page_Facebook - (1)/input_pass'

2018-01-28 14:18:07 - [TEST_STEP][PASSED] - click: Object: 'Object Repository/Page_Facebook - (1)/label_loginbutton' is clicked on

2018-01-28 14:18:09 - [MESSAGE][PASSED] - Object: 'Object Repository/Page_Facebook - (1)/label_loginbutton' is clicked on

2018-01-28 14:18:09 - [TEST_STEP][PASSED] - verifyTextPresent: Text 'คุณได้ป้อนรหัสผ่านเก่า' is present on page 

2018-01-28 14:18:09 - [MESSAGE][PASSED] - Text 'คุณได้ป้อนรหัสผ่านเก่า' is present on page 

2018-01-28 14:18:09 - [TEST_STEP][PASSED] - closeBrowser: Browser is closed

2018-01-28 14:18:10 - [MESSAGE][PASSED] - Browser is closed]]></system-out>
         <system-err><![CDATA[]]></system-err>
      </testcase>
      <testcase name="Test Cases/Login Empty Email and Password" classname="Test Cases/Login Empty Email and Password" status="PASSED">
         <system-out><![CDATA[2018-01-28 14:18:10 - [TEST_CASE][PASSED] - Test Cases/Login Empty Email and Password: Test Cases/Login Empty Email and Password

2018-01-28 14:18:10 - [TEST_STEP][PASSED] - openBrowser: Browser is opened with url: ''

2018-01-28 14:18:12 - [MESSAGE][PASSED] - Browser is opened with url: ''

2018-01-28 14:18:12 - [TEST_STEP][PASSED] - navigateToUrl: Navigate to 'https://www.facebook.com/' successfully

2018-01-28 14:18:14 - [MESSAGE][PASSED] - Navigate to 'https://www.facebook.com/' successfully

2018-01-28 14:18:14 - [TEST_STEP][PASSED] - click: Object: 'Object Repository/Page_Facebook -/Page_Facebook -/label_loginbutton' is clicked on

2018-01-28 14:18:15 - [MESSAGE][PASSED] - Object: 'Object Repository/Page_Facebook -/Page_Facebook -/label_loginbutton' is clicked on

2018-01-28 14:18:15 - [TEST_STEP][PASSED] - verifyTextPresent: Text 'อีเมลหรือหมายเลขโทรศัพท์ที่คุณป้อนไม่ตรงกับบัญชีผู้ใช้ใดๆ' is present on page 

2018-01-28 14:18:15 - [MESSAGE][PASSED] - Text 'อีเมลหรือหมายเลขโทรศัพท์ที่คุณป้อนไม่ตรงกับบัญชีผู้ใช้ใดๆ' is present on page 

2018-01-28 14:18:15 - [TEST_STEP][PASSED] - closeBrowser: Browser is closed

2018-01-28 14:18:15 - [MESSAGE][PASSED] - Browser is closed]]></system-out>
         <system-err><![CDATA[]]></system-err>
      </testcase>
      <testcase name="Test Cases/Login Empty Email" classname="Test Cases/Login Empty Email" status="PASSED">
         <system-out><![CDATA[2018-01-28 14:18:15 - [TEST_CASE][PASSED] - Test Cases/Login Empty Email: Test Cases/Login Empty Email

2018-01-28 14:18:15 - [TEST_STEP][PASSED] - openBrowser: Browser is opened with url: ''

2018-01-28 14:18:17 - [MESSAGE][PASSED] - Browser is opened with url: ''

2018-01-28 14:18:17 - [TEST_STEP][PASSED] - navigateToUrl: Navigate to 'https://www.facebook.com/' successfully

2018-01-28 14:18:19 - [MESSAGE][PASSED] - Navigate to 'https://www.facebook.com/' successfully

2018-01-28 14:18:19 - [TEST_STEP][PASSED] - setText: Text '099987751' is set on object 'Object Repository/Page_Facebook -/Page_Facebook -/input_pass'

2018-01-28 14:18:19 - [MESSAGE][PASSED] - Text '099987751' is set on object 'Object Repository/Page_Facebook -/Page_Facebook -/input_pass'

2018-01-28 14:18:19 - [TEST_STEP][PASSED] - click: Object: 'Object Repository/Page_Facebook -/Page_Facebook -/label_loginbutton' is clicked on

2018-01-28 14:18:20 - [MESSAGE][PASSED] - Object: 'Object Repository/Page_Facebook -/Page_Facebook -/label_loginbutton' is clicked on

2018-01-28 14:18:20 - [TEST_STEP][PASSED] - verifyTextPresent: Text 'อีเมลหรือหมายเลขโทรศัพท์ที่คุณป้อนไม่ตรงกับบัญชีผู้ใช้ใดๆ' is present on page 

2018-01-28 14:18:20 - [MESSAGE][PASSED] - Text 'อีเมลหรือหมายเลขโทรศัพท์ที่คุณป้อนไม่ตรงกับบัญชีผู้ใช้ใดๆ' is present on page 

2018-01-28 14:18:20 - [TEST_STEP][PASSED] - closeBrowser: Browser is closed

2018-01-28 14:18:21 - [MESSAGE][PASSED] - Browser is closed]]></system-out>
         <system-err><![CDATA[]]></system-err>
      </testcase>
      <testcase name="Test Cases/Login Empty Password" classname="Test Cases/Login Empty Password" status="PASSED">
         <system-out><![CDATA[2018-01-28 14:18:21 - [TEST_CASE][PASSED] - Test Cases/Login Empty Password: Test Cases/Login Empty Password

2018-01-28 14:18:21 - [TEST_STEP][PASSED] - openBrowser: Browser is opened with url: ''

2018-01-28 14:18:23 - [MESSAGE][PASSED] - Browser is opened with url: ''

2018-01-28 14:18:23 - [TEST_STEP][PASSED] - navigateToUrl: Navigate to 'https://www.facebook.com/' successfully

2018-01-28 14:18:25 - [MESSAGE][PASSED] - Navigate to 'https://www.facebook.com/' successfully

2018-01-28 14:18:25 - [TEST_STEP][PASSED] - setText: Text 'SlowwyCH@gmail.com' is set on object 'Object Repository/Page_Facebook -/Page_Facebook -/input_email'

2018-01-28 14:18:25 - [MESSAGE][PASSED] - Text 'SlowwyCH@gmail.com' is set on object 'Object Repository/Page_Facebook -/Page_Facebook -/input_email'

2018-01-28 14:18:25 - [TEST_STEP][PASSED] - click: Object: 'Object Repository/Page_Facebook -/Page_Facebook -/label_loginbutton' is clicked on

2018-01-28 14:18:27 - [MESSAGE][PASSED] - Object: 'Object Repository/Page_Facebook -/Page_Facebook -/label_loginbutton' is clicked on

2018-01-28 14:18:27 - [TEST_STEP][PASSED] - verifyTextPresent: Text 'รหัสผ่านที่คุณป้อนไม่ถุกต้อง' is present on page 

2018-01-28 14:18:27 - [MESSAGE][PASSED] - Text 'รหัสผ่านที่คุณป้อนไม่ถุกต้อง' is present on page 

2018-01-28 14:18:27 - [TEST_STEP][PASSED] - closeBrowser: Browser is closed

2018-01-28 14:18:27 - [MESSAGE][PASSED] - Browser is closed]]></system-out>
         <system-err><![CDATA[]]></system-err>
      </testcase>
      <system-out><![CDATA[2018-01-28 14:17:48 - [TEST_SUITE][FAILED] - Tests_Facebook: Test Cases/Login Successful Case FAILED because (of) Unable to verify text 'Nymproriz Oze' is present  (Root cause: Text 'Nymproriz Oze' is not present on page )]]></system-out>
      <system-err><![CDATA[2018-01-28 14:17:48 - [TEST_SUITE][FAILED] - Tests_Facebook: Test Cases/Login Successful Case FAILED because (of) Unable to verify text 'Nymproriz Oze' is present  (Root cause: Text 'Nymproriz Oze' is not present on page )]]></system-err>
   </testsuite>
</testsuites>
